[debug] [2023-12-18T09:58:18.347Z] ----------------------------------------------------------------------
[debug] [2023-12-18T09:58:18.348Z] Command:       /home/piyush/.nvm/versions/node/v20.10.0/bin/node /home/piyush/.nvm/versions/node/v20.10.0/bin/firebase hosting:channel:deploy -P zoom
[debug] [2023-12-18T09:58:18.348Z] CLI Version:   13.0.2
[debug] [2023-12-18T09:58:18.349Z] Platform:      linux
[debug] [2023-12-18T09:58:18.349Z] Node Version:  v20.10.0
[debug] [2023-12-18T09:58:18.349Z] Time:          Mon Dec 18 2023 15:28:18 GMT+0530 (India Standard Time)
[debug] [2023-12-18T09:58:18.349Z] ----------------------------------------------------------------------
[debug] 
[debug] [2023-12-18T09:58:18.394Z] > command requires scopes: ["email","openid","https://www.googleapis.com/auth/cloudplatformprojects.readonly","https://www.googleapis.com/auth/firebase","https://www.googleapis.com/auth/cloud-platform"]
[debug] [2023-12-18T09:58:18.394Z] > authorizing via signed-in user (ps671248@gmail.com)
[debug] [2023-12-18T09:58:18.394Z] [iam] checking project zoom for permissions ["firebase.projects.get","firebasehosting.sites.update"]
[debug] [2023-12-18T09:58:18.395Z] >>> [apiv2][query] POST https://cloudresourcemanager.googleapis.com/v1/projects/zoom:testIamPermissions [none]
[debug] [2023-12-18T09:58:18.395Z] >>> [apiv2][(partial)header] POST https://cloudresourcemanager.googleapis.com/v1/projects/zoom:testIamPermissions x-goog-quota-user=projects/zoom
[debug] [2023-12-18T09:58:18.396Z] >>> [apiv2][body] POST https://cloudresourcemanager.googleapis.com/v1/projects/zoom:testIamPermissions {"permissions":["firebase.projects.get","firebasehosting.sites.update"]}
[debug] [2023-12-18T09:58:20.618Z] <<< [apiv2][status] POST https://cloudresourcemanager.googleapis.com/v1/projects/zoom:testIamPermissions 200
[debug] [2023-12-18T09:58:20.618Z] <<< [apiv2][body] POST https://cloudresourcemanager.googleapis.com/v1/projects/zoom:testIamPermissions {}
[debug] [2023-12-18T09:58:20.619Z] [iam] error while checking permissions, command may fail: FirebaseError: Authorization failed. This account is missing the following required permissions on project zoom:

  firebase.projects.get
  firebasehosting.sites.update
[debug] [2023-12-18T09:58:20.619Z] >>> [apiv2][query] GET https://firebase.googleapis.com/v1beta1/projects/zoom [none]
[debug] [2023-12-18T09:58:21.637Z] <<< [apiv2][status] GET https://firebase.googleapis.com/v1beta1/projects/zoom 403
[debug] [2023-12-18T09:58:21.637Z] <<< [apiv2][body] GET https://firebase.googleapis.com/v1beta1/projects/zoom {"error":{"code":403,"message":"The caller does not have permission","status":"PERMISSION_DENIED"}}
[debug] [2023-12-18T09:58:21.638Z] HTTP Error: 403, The caller does not have permission
[debug] [2023-12-18T09:58:22.046Z] FirebaseError: HTTP Error: 403, The caller does not have permission
    at responseToError (/home/piyush/.nvm/versions/node/v20.10.0/lib/node_modules/firebase-tools/lib/responseToError.js:49:12)
    at RetryOperation._fn (/home/piyush/.nvm/versions/node/v20.10.0/lib/node_modules/firebase-tools/lib/apiv2.js:292:77)
    at process.processTicksAndRejections (node:internal/process/task_queues:95:5)
[error] 
[error] Error: Failed to get Firebase project zoom. Please make sure the project exists and your account has permission to access it.
[debug] [2023-12-18T09:59:00.464Z] ----------------------------------------------------------------------
[debug] [2023-12-18T09:59:00.465Z] Command:       /home/piyush/.nvm/versions/node/v20.10.0/bin/node /home/piyush/.nvm/versions/node/v20.10.0/bin/firebase init
[debug] [2023-12-18T09:59:00.466Z] CLI Version:   13.0.2
[debug] [2023-12-18T09:59:00.466Z] Platform:      linux
[debug] [2023-12-18T09:59:00.466Z] Node Version:  v20.10.0
[debug] [2023-12-18T09:59:00.466Z] Time:          Mon Dec 18 2023 15:29:00 GMT+0530 (India Standard Time)
[debug] [2023-12-18T09:59:00.466Z] ----------------------------------------------------------------------
[debug] 
[debug] [2023-12-18T09:59:00.512Z] > command requires scopes: ["email","openid","https://www.googleapis.com/auth/cloudplatformprojects.readonly","https://www.googleapis.com/auth/firebase","https://www.googleapis.com/auth/cloud-platform"]
[debug] [2023-12-18T09:59:00.512Z] > authorizing via signed-in user (ps671248@gmail.com)
[info] 
     ######## #### ########  ######## ########     ###     ######  ########
     ##        ##  ##     ## ##       ##     ##  ##   ##  ##       ##
     ######    ##  ########  ######   ########  #########  ######  ######
     ##        ##  ##    ##  ##       ##     ## ##     ##       ## ##
     ##       #### ##     ## ######## ########  ##     ##  ######  ########

You're about to initialize a Firebase project in this directory:

  /home/piyush/Downloads/letsthango-master

Before we get started, keep in mind:

  * You are initializing within an existing Firebase project directory

[info] 
=== Project Setup
[info] 
[info] First, let's associate this project directory with a Firebase project.
[info] You can create multiple project aliases by running firebase use --add, 
[info] but for now we'll just set up a default project.
[info] 
[debug] [2023-12-18T09:59:02.991Z] Using project from CLI flag: zoom
[debug] [2023-12-18T09:59:02.993Z] >>> [apiv2][query] GET https://firebase.googleapis.com/v1beta1/projects/zoom [none]
[debug] [2023-12-18T09:59:03.938Z] <<< [apiv2][status] GET https://firebase.googleapis.com/v1beta1/projects/zoom 403
[debug] [2023-12-18T09:59:03.939Z] <<< [apiv2][body] GET https://firebase.googleapis.com/v1beta1/projects/zoom {"error":{"code":403,"message":"The caller does not have permission","status":"PERMISSION_DENIED"}}
[debug] [2023-12-18T09:59:03.939Z] HTTP Error: 403, The caller does not have permission
[debug] [2023-12-18T09:59:04.445Z] FirebaseError: HTTP Error: 403, The caller does not have permission
    at responseToError (/home/piyush/.nvm/versions/node/v20.10.0/lib/node_modules/firebase-tools/lib/responseToError.js:49:12)
    at RetryOperation._fn (/home/piyush/.nvm/versions/node/v20.10.0/lib/node_modules/firebase-tools/lib/apiv2.js:292:77)
    at process.processTicksAndRejections (node:internal/process/task_queues:95:5)
[error] 
[error] Error: Failed to get Firebase project zoom. Please make sure the project exists and your account has permission to access it.
[debug] [2023-12-18T09:59:33.693Z] ----------------------------------------------------------------------
[debug] [2023-12-18T09:59:33.695Z] Command:       /home/piyush/.nvm/versions/node/v20.10.0/bin/node /home/piyush/.nvm/versions/node/v20.10.0/bin/firebase hosting:channel:deploy -P zoom
[debug] [2023-12-18T09:59:33.695Z] CLI Version:   13.0.2
[debug] [2023-12-18T09:59:33.695Z] Platform:      linux
[debug] [2023-12-18T09:59:33.695Z] Node Version:  v20.10.0
[debug] [2023-12-18T09:59:33.696Z] Time:          Mon Dec 18 2023 15:29:33 GMT+0530 (India Standard Time)
[debug] [2023-12-18T09:59:33.696Z] ----------------------------------------------------------------------
[debug] 
[debug] [2023-12-18T09:59:33.741Z] > command requires scopes: ["email","openid","https://www.googleapis.com/auth/cloudplatformprojects.readonly","https://www.googleapis.com/auth/firebase","https://www.googleapis.com/auth/cloud-platform"]
[debug] [2023-12-18T09:59:33.741Z] > authorizing via signed-in user (ps671248@gmail.com)
[debug] [2023-12-18T09:59:33.741Z] [iam] checking project zoom for permissions ["firebase.projects.get","firebasehosting.sites.update"]
[debug] [2023-12-18T09:59:33.743Z] >>> [apiv2][query] POST https://cloudresourcemanager.googleapis.com/v1/projects/zoom:testIamPermissions [none]
[debug] [2023-12-18T09:59:33.743Z] >>> [apiv2][(partial)header] POST https://cloudresourcemanager.googleapis.com/v1/projects/zoom:testIamPermissions x-goog-quota-user=projects/zoom
[debug] [2023-12-18T09:59:33.743Z] >>> [apiv2][body] POST https://cloudresourcemanager.googleapis.com/v1/projects/zoom:testIamPermissions {"permissions":["firebase.projects.get","firebasehosting.sites.update"]}
[debug] [2023-12-18T09:59:35.995Z] <<< [apiv2][status] POST https://cloudresourcemanager.googleapis.com/v1/projects/zoom:testIamPermissions 200
[debug] [2023-12-18T09:59:35.996Z] <<< [apiv2][body] POST https://cloudresourcemanager.googleapis.com/v1/projects/zoom:testIamPermissions {}
[debug] [2023-12-18T09:59:35.996Z] [iam] error while checking permissions, command may fail: FirebaseError: Authorization failed. This account is missing the following required permissions on project zoom:

  firebase.projects.get
  firebasehosting.sites.update
[debug] [2023-12-18T09:59:35.997Z] >>> [apiv2][query] GET https://firebase.googleapis.com/v1beta1/projects/zoom [none]
[debug] [2023-12-18T09:59:36.910Z] <<< [apiv2][status] GET https://firebase.googleapis.com/v1beta1/projects/zoom 403
[debug] [2023-12-18T09:59:36.911Z] <<< [apiv2][body] GET https://firebase.googleapis.com/v1beta1/projects/zoom {"error":{"code":403,"message":"The caller does not have permission","status":"PERMISSION_DENIED"}}
[debug] [2023-12-18T09:59:36.911Z] HTTP Error: 403, The caller does not have permission
[debug] [2023-12-18T09:59:37.627Z] FirebaseError: HTTP Error: 403, The caller does not have permission
    at responseToError (/home/piyush/.nvm/versions/node/v20.10.0/lib/node_modules/firebase-tools/lib/responseToError.js:49:12)
    at RetryOperation._fn (/home/piyush/.nvm/versions/node/v20.10.0/lib/node_modules/firebase-tools/lib/apiv2.js:292:77)
    at process.processTicksAndRejections (node:internal/process/task_queues:95:5)
[error] 
[error] Error: Failed to get Firebase project zoom. Please make sure the project exists and your account has permission to access it.
